proguard/seeds.txt
com.startapp.android.publish.f.a.e.e
com.startapp.android.publish.f.a.e.e: e()
com.startapp.android.publish.f.a.e.e: java.io.DataInput a(byte[])
com.startapp.android.publish.f.a.e.e: com.startapp.android.publish.f.a.a.c a(java.io.DataInput)
com.startapp.android.publish.f.a.e.e: void b(java.io.DataInput)
com.startapp.android.publish.f.a.f.a
com.startapp.android.publish.f.a.f.a: com.startapp.android.publish.f.a.e.b a
com.startapp.android.publish.f.a.f.a: com.startapp.android.publish.f.a.d.e b
com.startapp.android.publish.f.a.f.a: java.lang.String c
com.startapp.android.publish.f.a.f.a: a(com.startapp.android.publish.f.a.e.b,com.startapp.android.publish.f.a.d.e,java.lang.String)
com.startapp.android.publish.f.a.f.a: java.lang.String a(com.startapp.android.publish.f.a.a.c,long)
com.startapp.android.publish.f.a.f.b
com.startapp.android.publish.f.a.f.b: b()
com.startapp.android.publish.f.a.g.a
com.startapp.android.publish.f.a.g.a: com.startapp.android.publish.f.a.g.a a
com.startapp.android.publish.f.a.g.a: com.startapp.android.publish.f.a.g.a b
com.startapp.android.publish.f.a.g.a: com.startapp.android.publish.f.a.g.a c
com.startapp.android.publish.f.a.g.a: java.lang.String version
com.startapp.android.publish.f.a.g.a: int numberOfHashes
com.startapp.android.publish.f.a.g.a: int sizeOfBucket
com.startapp.android.publish.f.a.g.a: com.startapp.android.publish.f.a.g.a[] d
com.startapp.android.publish.f.a.g.a: com.startapp.android.publish.f.a.g.a[] values()
com.startapp.android.publish.f.a.g.a: com.startapp.android.publish.f.a.g.a valueOf(java.lang.String)
com.startapp.android.publish.f.a.g.a: a(java.lang.String,int,java.lang.String,int,int)
com.startapp.android.publish.f.a.g.a: java.lang.String a()
com.startapp.android.publish.f.a.g.a: int b()
com.startapp.android.publish.f.a.g.a: int c()
com.startapp.android.publish.f.a.g.a: a(java.lang.String,int,java.lang.String,int,int,com.startapp.android.publish.f.a.g.a$1)
com.startapp.android.publish.f.a.g.a: void <clinit>()
com.startapp.android.publish.f.a.g.a$1
com.startapp.android.publish.f.a.g.a$1: a$1(java.lang.String,int,java.lang.String,int,int)
com.startapp.android.publish.f.a.g.b
com.startapp.android.publish.f.a.g.b: b()
com.startapp.android.publish.f.a.g.b: com.startapp.android.publish.f.a.d.e a()
com.startapp.android.publish.f.a.g.b: com.startapp.android.publish.f.a.a.a b()
com.startapp.android.publish.f.a.g.c
com.startapp.android.publish.f.a.g.c: java.util.Map a
com.startapp.android.publish.f.a.g.c: c()
com.startapp.android.publish.f.a.g.c: com.startapp.android.publish.f.a.a.a a(com.startapp.android.publish.f.a.g.a)
com.startapp.android.publish.f.a.g.c: com.startapp.android.publish.f.a.d.e b(com.startapp.android.publish.f.a.g.a)
com.startapp.android.publish.f.a.g.d
com.startapp.android.publish.f.a.g.d: com.startapp.android.publish.f.a.d.e a
com.startapp.android.publish.f.a.g.d: com.startapp.android.publish.f.a.e.d b
com.startapp.android.publish.f.a.g.d: com.startapp.android.publish.f.a.a.a c
com.startapp.android.publish.f.a.g.d: d()
com.startapp.android.publish.f.a.g.d: com.startapp.android.publish.f.a.d.e a()
com.startapp.android.publish.f.a.g.d: com.startapp.android.publish.f.a.a.a b()
com.startapp.android.publish.f.a.g.e
com.startapp.android.publish.f.a.g.e: com.startapp.android.publish.f.a.d.e a
com.startapp.android.publish.f.a.g.e: com.startapp.android.publish.f.a.e.d b
com.startapp.android.publish.f.a.g.e: com.startapp.android.publish.f.a.a.a c
com.startapp.android.publish.f.a.g.e: e()
com.startapp.android.publish.f.a.g.e: com.startapp.android.publish.f.a.d.e a()
com.startapp.android.publish.f.a.g.e: com.startapp.android.publish.f.a.a.a b()