proguard/mapping.txt
android.support.v4.app.FragmentState$1 -> android.support.v4.app.FragmentState$1:
    139:139:android.support.v4.app.FragmentState createFromParcel(android.os.Parcel) -> a
    143:143:android.support.v4.app.FragmentState[] newArray(int) -> a
    137:137:java.lang.Object[] newArray(int) -> newArray
    137:137:java.lang.Object createFromParcel(android.os.Parcel) -> createFromParcel
android.support.v4.app.FragmentTabHost -> android.support.v4.app.FragmentTabHost:
    java.util.ArrayList mTabs -> a
    android.content.Context mContext -> b
    android.support.v4.app.FragmentManager mFragmentManager -> c
    int mContainerId -> d
    android.widget.TabHost$OnTabChangeListener mOnTabChangeListener -> e
    android.support.v4.app.FragmentTabHost$TabInfo mLastTab -> f
    boolean mAttached -> g
    181:181:void setup() -> setup
    219:220:void setOnTabChangedListener(android.widget.TabHost$OnTabChangeListener) -> setOnTabChangedListener
    246:281:void onAttachedToWindow() -> onAttachedToWindow
    285:287:void onDetachedFromWindow() -> onDetachedFromWindow
    291:294:android.os.Parcelable onSaveInstanceState() -> onSaveInstanceState
    299:302:void onRestoreInstanceState(android.os.Parcelable) -> onRestoreInstanceState
    306:315:void onTabChanged(java.lang.String) -> onTabChanged
    318:349:android.support.v4.app.FragmentTransaction doTabChanged(java.lang.String,android.support.v4.app.FragmentTransaction) -> a
android.support.v4.app.FragmentTabHost$1 -> android.support.v4.app.FragmentTabHost$1:
android.support.v4.app.FragmentTabHost$SavedState -> android.support.v4.app.FragmentTabHost$SavedState:
    java.lang.String curTab -> a
    android.os.Parcelable$Creator CREATOR -> CREATOR
    104:106:void writeToParcel(android.os.Parcel,int) -> writeToParcel
    110:110:java.lang.String toString() -> toString
android.support.v4.app.FragmentTabHost$SavedState$1 -> android.support.v4.app.FragmentTabHost$SavedState$1:
    118:118:android.support.v4.app.FragmentTabHost$SavedState createFromParcel(android.os.Parcel) -> a
    122:122:android.support.v4.app.FragmentTabHost$SavedState[] newArray(int) -> a
    116:116:java.lang.Object[] newArray(int) -> newArray
    116:116:java.lang.Object createFromParcel(android.os.Parcel) -> createFromParcel
android.support.v4.app.FragmentTabHost$TabInfo -> android.support.v4.app.FragmentTabHost$a:
    java.lang.String tag -> a
    java.lang.Class clss -> b
    android.os.Bundle args -> c
    android.support.v4.app.Fragment fragment -> d
    61:61:android.support.v4.app.Fragment access$102(android.support.v4.app.FragmentTabHost$TabInfo,android.support.v4.app.Fragment) -> a
    61:61:android.support.v4.app.Fragment access$100(android.support.v4.app.FragmentTabHost$TabInfo) -> a
    61:61:java.lang.String access$200(android.support.v4.app.FragmentTabHost$TabInfo) -> b
    61:61:java.lang.Class access$300(android.support.v4.app.FragmentTabHost$TabInfo) -> c
    61:61:android.os.Bundle access$400(android.support.v4.app.FragmentTabHost$TabInfo) -> d
android.support.v4.app.FragmentTransaction -> android.support.v4.app.g:
    android.support.v4.app.FragmentTransaction add(int,android.support.v4.app.Fragment,java.lang.String) -> a
    android.support.v4.app.FragmentTransaction detach(android.support.v4.app.Fragment) -> a
    android.support.v4.app.FragmentTransaction attach(android.support.v4.app.Fragment) -> b
    int commit() -> a
android.support.v4.app.LoaderManager -> android.support.v4.app.h:
    184:184:boolean hasRunningLoaders() -> a
android.support.v4.app.LoaderManager$LoaderCallbacks -> android.support.v4.app.h$a:
    android.support.v4.content.Loader onCreateLoader(int,android.os.Bundle) -> a
    void onLoadFinished(android.support.v4.content.Loader,java.lang.Object) -> a
    void onLoaderReset(android.support.v4.content.Loader) -> a